============================================================
Enhancing Set 2 Works
============================================================

Found 85 works to enhance

ℹ agrawal-rishilal-hindi---sanket---lipi-rishi-pranali-1947-hindi.md - needs description (will be generated in batch)
→ agrawal-rishilal-hindi---sanket---lipi-rishi-pranali-1947-hindi.md (no changes)
ℹ arrian-the-anabasis-of-alexander-or-the-history-of-the-wars-and-con-1884-english.md - needs description (will be generated in batch)
  ✓ Added Wikipedia link
✓ arrian-the-anabasis-of-alexander-or-the-history-of-the-wars-and-con-1884-english.md
ℹ bhairja-ji-samudirk-shastr-1937-hindi.md - needs description (will be generated in batch)
  ✓ Added Wikipedia link
✓ bhairja-ji-samudirk-shastr-1937-hindi.md
ℹ bhargav-pryag-narayan-ramayan-1948-1948-hindi.md - needs description (will be generated in batch)
  ✓ Added Wikipedia link
✓ bhargav-pryag-narayan-ramayan-1948-1948-hindi.md
ℹ biliyams-borik-homoeopathic-materia-medica-wth-repertory-1927-hindi.md - needs description (will be generated in batch)
  ✓ Added 1 alternative source(s)
✓ biliyams-borik-homoeopathic-materia-medica-wth-repertory-1927-hindi.md
ℹ british-india-press-byculla-bombay-the-indian-antiquary-vol-xxxvi1907-1907-english.md - needs description (will be generated in batch)
  Error finding Wikipedia link: fetch failed
→ british-india-press-byculla-bombay-the-indian-antiquary-vol-xxxvi1907-1907-english.md (no changes)
ℹ campbell-a-of-the-santal-mission-a-santali-english-dictionary-1899-english.md - needs description (will be generated in batch)
  ✓ Added 1 alternative source(s)
✓ campbell-a-of-the-santal-mission-a-santali-english-dictionary-1899-english.md
ℹ dayananda-sarasvati-rigved-prathane-hindi-bhasaye-1919-hindi.md - needs description (will be generated in batch)
  ✓ Added 1 alternative source(s)
  ✓ Added Wikipedia link
✓ dayananda-sarasvati-rigved-prathane-hindi-bhasaye-1919-hindi.md
ℹ dediyar-vladimir-yantra-mantra-tantra-vidhya-1954-hindi.md - needs description (will be generated in batch)
→ dediyar-vladimir-yantra-mantra-tantra-vidhya-1954-hindi.md (no changes)
ℹ dr-narain-datt-hast-rekha-1960-hindi.md - needs description (will be generated in batch)
  ✓ Added Wikipedia link
  Error finding Wikisource link: fetch failed
✓ dr-narain-datt-hast-rekha-1960-hindi.md
ℹ drambikadatta-sastry-sushrita-samhita-1959-hindi.md - needs description (will be generated in batch)
  ✓ Added 1 alternative source(s)
  ✓ Added Wikipedia link
✓ drambikadatta-sastry-sushrita-samhita-1959-hindi.md
ℹ drdharma-bhati-gunahon-ka-devata-1942-hindi.md - needs description (will be generated in batch)
  ✓ Added Wikipedia link
✓ drdharma-bhati-gunahon-ka-devata-1942-hindi.md
ℹ drgiraj-sankar-prshad-prachin-bharat-ka-itihas-1955-hindi.md - needs description (will be generated in batch)
  Error finding Wikipedia link: fetch failed
→ drgiraj-sankar-prshad-prachin-bharat-ka-itihas-1955-hindi.md (no changes)
ℹ durga-prasad-singh-bhojpuri-lokgeet-1944-hindi.md - needs description (will be generated in batch)
  ✓ Added Wikipedia link
✓ durga-prasad-singh-bhojpuri-lokgeet-1944-hindi.md
ℹ education-societys-press-byculla-bombay-the-indian-antiquary-vol-xxxviii1909-1909-english.md - needs description (will be generated in batch)
→ education-societys-press-byculla-bombay-the-indian-antiquary-vol-xxxviii1909-1909-english.md (no changes)
ℹ fallon-s-w-a-new-english-hindustani-dictionary-1925-english.md - needs description (will be generated in batch)
  ✓ Added 4 alternative source(s)
  ✓ Added Wikipedia link
✓ fallon-s-w-a-new-english-hindustani-dictionary-1925-english.md
ℹ fallon-s-w-a-new-english-hindustani-dictionary-1927-english.md - needs description (will be generated in batch)
  ✓ Added 5 alternative source(s)
  ✓ Added Wikipedia link
✓ fallon-s-w-a-new-english-hindustani-dictionary-1927-english.md
ℹ fleet-john-faithfull-the-indian-antiquary-vol-xxxiii-1904-1904-english.md - needs description (will be generated in batch)
→ fleet-john-faithfull-the-indian-antiquary-vol-xxxiii-1904-1904-english.md (no changes)
ℹ greaves-edwin-hindi-grammar-1921-english.md - needs description (will be generated in batch)
  ✓ Added 3 alternative source(s)
  ✓ Added Wikipedia link
✓ greaves-edwin-hindi-grammar-1921-english.md
ℹ hotten-john-camden-1832-1873-the-original-lists-of-persons-of-quality-emigrants-religious-1874-english.md - needs description (will be generated in batch)
  Error finding Wikipedia link: fetch failed
→ hotten-john-camden-1832-1873-the-original-lists-of-persons-of-quality-emigrants-religious-1874-english.md (no changes)
ℹ jahangir-emperor-of-hindustan-1569-1627-the-tuzuk-i-jahangiri-or-memoirs-of-jahangir-translated-by-a-1909-english.md - needs description (will be generated in batch)
  ✓ Added Wikipedia link
✓ jahangir-emperor-of-hindustan-1569-1627-the-tuzuk-i-jahangiri-or-memoirs-of-jahangir-translated-by-a-1909-english.md
ℹ jain-chhotelal-samudrik-shastra-ya-bhagya-nirny-1927-hindi.md - needs description (will be generated in batch)
→ jain-chhotelal-samudrik-shastra-ya-bhagya-nirny-1927-hindi.md (no changes)
ℹ kapur-primila-vivah-sex-aur-prem-1910-hindi.md - needs description (will be generated in batch)
→ kapur-primila-vivah-sex-aur-prem-1910-hindi.md (no changes)
ℹ kayasth-deviprasad-babarnama-1910-hindi.md - needs description (will be generated in batch)
  ✓ Added Wikipedia link
✓ kayasth-deviprasad-babarnama-1910-hindi.md
ℹ kelakar-narayan-chintaman-gurucharitra-1903-marathi.md - needs description (will be generated in batch)
  ✓ Added Wikipedia link
✓ kelakar-narayan-chintaman-gurucharitra-1903-marathi.md
ℹ keluusakar-krxshhnd-araav-arajuna-chhatrapati-shivaajii-mahaaraaj-yaanchen-charitra-1920-marathi.md - needs description (will be generated in batch)
→ keluusakar-krxshhnd-araav-arajuna-chhatrapati-shivaajii-mahaaraaj-yaanchen-charitra-1920-marathi.md (no changes)
ℹ khwaja-muhammad-ashraf-ali-naqsh-e-sulaimani-1873-urdu.md - needs description (will be generated in batch)
  Error finding Wikipedia link: fetch failed
→ khwaja-muhammad-ashraf-ali-naqsh-e-sulaimani-1873-urdu.md (no changes)
ℹ klidsa-the-raghuvamsa-of-kalidasa-with-the-commentary-the-samjivani-1922-sanskrit.md - needs description (will be generated in batch)
  ✓ Added Wikipedia link
✓ klidsa-the-raghuvamsa-of-kalidasa-with-the-commentary-the-samjivani-1922-sanskrit.md
ℹ krishan-gopal-ras-tantra-sar-v-sidh-prayog-sangrah-1947-hindi.md - needs description (will be generated in batch)
  ✓ Added 2 alternative source(s)
  ✓ Added Wikipedia link
✓ krishan-gopal-ras-tantra-sar-v-sidh-prayog-sangrah-1947-hindi.md
ℹ lee-harper-to-kill-a-mocking-bird-1960-english.md - needs description (will be generated in batch)
  ✓ Added 5 alternative source(s)
  ✓ Added Wikipedia link
✓ lee-harper-to-kill-a-mocking-bird-1960-english.md
ℹ lethbridge-roper-sir-1840-1919-the-golden-book-of-india-a-genealogical-and-biographical-dic-1893-english.md - needs description (will be generated in batch)
  ✓ Added 2 alternative source(s)
✓ lethbridge-roper-sir-1840-1919-the-golden-book-of-india-a-genealogical-and-biographical-dic-1893-english.md
ℹ monier-williams-monier-sir-1819-1899-a-sanskrit-english-dictionary-etymologically-and-philologica-1960-english.md - needs description (will be generated in batch)
→ monier-williams-monier-sir-1819-1899-a-sanskrit-english-dictionary-etymologically-and-philologica-1960-english.md (no changes)
ℹ moti-chand-panchtantra-1931-hindi.md - needs description (will be generated in batch)
  ✓ Added Wikipedia link
✓ moti-chand-panchtantra-1931-hindi.md
ℹ na-catalogue-and-index-of-the-allahabad-public-library-1927-english.md - needs description (will be generated in batch)
  ✓ Added Wikipedia link
✓ na-catalogue-and-index-of-the-allahabad-public-library-1927-english.md
ℹ na-mario-puzo-the-godfather-1922-english.md - needs description (will be generated in batch)
  ✓ Added 2 alternative source(s)
  ✓ Added Wikipedia link
✓ na-mario-puzo-the-godfather-1922-english.md
ℹ nag-kesheb-chandra-complete-core-mathematics-1962-bengali.md - needs description (will be generated in batch)
→ nag-kesheb-chandra-complete-core-mathematics-1962-bengali.md (no changes)
ℹ nirmala-sherjang-manovigyan-1954-hindi.md - needs description (will be generated in batch)
  ✓ Added Wikipedia link
✓ nirmala-sherjang-manovigyan-1954-hindi.md
ℹ not-available-bhrigu-sanhita-paddhati-1949-sanskrit.md - needs description (will be generated in batch)
  ✓ Added Wikipedia link
✓ not-available-bhrigu-sanhita-paddhati-1949-sanskrit.md
ℹ not-available-kok-shastar-part-i-1945-hindi.md - needs description (will be generated in batch)
  ✓ Added Wikipedia link
✓ not-available-kok-shastar-part-i-1945-hindi.md
ℹ not-available-pavitra-bible-1961-hindi.md - needs description (will be generated in batch)
  ✓ Added Wikipedia link
✓ not-available-pavitra-bible-1961-hindi.md
ℹ not-available-thackers-indian-directory1920-1920-english.md - needs description (will be generated in batch)
  ✓ Added Wikipedia link
✓ not-available-thackers-indian-directory1920-1920-english.md
ℹ not-available-vivah-vigyan-aur-kam-shastra-1111-hindi.md - needs description (will be generated in batch)
  ✓ Added Wikipedia link
✓ not-available-vivah-vigyan-aur-kam-shastra-1111-hindi.md
ℹ ojha-gopeshkumar-sugam-jyotish-praveshika-1959-hindi.md - needs description (will be generated in batch)
→ ojha-gopeshkumar-sugam-jyotish-praveshika-1959-hindi.md (no changes)
ℹ pahwa-thakardass-the-modern-hindustani-scholar-or-the-pucca-munshi-1919-english.md - needs description (will be generated in batch)
→ pahwa-thakardass-the-modern-hindustani-scholar-or-the-pucca-munshi-1919-english.md (no changes)
ℹ pandith-rajesh-dixit-sanhit-1635-sanskrit.md - needs description (will be generated in batch)
  ✓ Added Wikipedia link
✓ pandith-rajesh-dixit-sanhit-1635-sanskrit.md
ℹ paschimbanga-rajya-sangeet-academy-patrika-no-1-5-1402-1409-1409-und.md - needs description (will be generated in batch)
  ✓ Added Wikipedia link
✓ paschimbanga-rajya-sangeet-academy-patrika-no-1-5-1402-1409-1409-und.md
ℹ patak-p-ramchand-bhargav-adarsh-hindi-shabdkosh-1942-hindi.md - needs description (will be generated in batch)
  ✓ Added 1 alternative source(s)
✓ patak-p-ramchand-bhargav-adarsh-hindi-shabdkosh-1942-hindi.md
ℹ phillott-douglas-craven-1860-colloquial-english-persian-dictionary-in-the-roman-character-1914-english.md - needs description (will be generated in batch)
→ phillott-douglas-craven-1860-colloquial-english-persian-dictionary-in-the-roman-character-1914-english.md (no changes)
⚠ premachnda-godaan-1936-hindi.md - could not parse
ℹ raakesh-mohan-aashhaadda-kaa-ek-din-1958-hindi.md - needs description (will be generated in batch)
  ✓ Added Wikipedia link
✓ raakesh-mohan-aashhaadda-kaa-ek-din-1958-hindi.md
ℹ raghunath-singh-indrajal-1941-hindi.md - needs description (will be generated in batch)
  ✓ Added Wikipedia link
✓ raghunath-singh-indrajal-1941-hindi.md
ℹ rav-rai-singh-chinta-chhodo-sukh-se-jiyo-1111-hindi.md - needs description (will be generated in batch)
  ✓ Added Wikipedia link
✓ rav-rai-singh-chinta-chhodo-sukh-se-jiyo-1111-hindi.md
ℹ rc-majumdar-an-advanced-history-of-india-1946-english.md - needs description (will be generated in batch)
  ✓ Added 5 alternative source(s)
  ✓ Added Wikipedia link
✓ rc-majumdar-an-advanced-history-of-india-1946-english.md
ℹ reed-sir-stanley-the-indian-year-book-1947-vol-xxxiii-1947-1947-english.md - needs description (will be generated in batch)
  ✓ Added 1 alternative source(s)
✓ reed-sir-stanley-the-indian-year-book-1947-vol-xxxiii-1947-1947-english.md
ℹ reed-sir-stanley-the-indian-year-book-volume-xxix-1942-english.md - needs description (will be generated in batch)
→ reed-sir-stanley-the-indian-year-book-volume-xxix-1942-english.md (no changes)
ℹ reed-sir-stanley-the-indian-year-book-volume-xxxiii-1947-english.md - needs description (will be generated in batch)
→ reed-sir-stanley-the-indian-year-book-volume-xxxiii-1947-english.md (no changes)
ℹ s-w-fallon-new-english-hindustani-dictionary-1883-english.md - needs description (will be generated in batch)
  ✓ Added 5 alternative source(s)
  ✓ Added Wikipedia link
✓ s-w-fallon-new-english-hindustani-dictionary-1883-english.md
ℹ saahitya-bhavan-limiteda-prayaag-schitra-ayurved-1936-hindi.md - needs description (will be generated in batch)
→ saahitya-bhavan-limiteda-prayaag-schitra-ayurved-1936-hindi.md (no changes)
ℹ sant-ram-how-to-win-friends-and-influence-people-1959-hindi.md - needs description (will be generated in batch)
  ✓ Added Wikipedia link
✓ sant-ram-how-to-win-friends-and-influence-people-1959-hindi.md
ℹ shastri-dharmachandra-upayogi-chikitsa-1927-hindi.md - needs description (will be generated in batch)
→ shastri-dharmachandra-upayogi-chikitsa-1927-hindi.md (no changes)
ℹ shree-bhaskarayacharayabiracharita-leelavati-1835-hindi.md - needs description (will be generated in batch)
  ✓ Added Wikipedia link
✓ shree-bhaskarayacharayabiracharita-leelavati-1835-hindi.md
ℹ shukla-ramchandra-hindi-sahitya-ka-itihas-1948-hindi.md - needs description (will be generated in batch)
  ✓ Added 2 alternative source(s)
✓ shukla-ramchandra-hindi-sahitya-ka-itihas-1948-hindi.md
ℹ shukla-ramchandra-ramcharit-manas-sundar-kand-1932-hindi.md - needs description (will be generated in batch)
→ shukla-ramchandra-ramcharit-manas-sundar-kand-1932-hindi.md (no changes)
ℹ singhaniya-raghunath-prasad-marwadi-bhajan-sagar-1930-hindi.md - needs description (will be generated in batch)
→ singhaniya-raghunath-prasad-marwadi-bhajan-sagar-1930-hindi.md (no changes)
ℹ sir-stanley-reed-the-indian-year-book-1928-1928-english.md - needs description (will be generated in batch)
  ✓ Added Wikipedia link
✓ sir-stanley-reed-the-indian-year-book-1928-1928-english.md
ℹ sir-stanley-reed-the-indian-year-book-1934-vol-20-1934-english.md - needs description (will be generated in batch)
  ✓ Added Wikipedia link
✓ sir-stanley-reed-the-indian-year-book-1934-vol-20-1934-english.md
ℹ swami-pt-tulsiram-manusmriti-1111-hindi.md - needs description (will be generated in batch)
  ✓ Added Wikipedia link
✓ swami-pt-tulsiram-manusmriti-1111-hindi.md
ℹ swami-vivekanadh-gyan-yog-1958-hindi.md - needs description (will be generated in batch)
  ✓ Added Wikipedia link
✓ swami-vivekanadh-gyan-yog-1958-hindi.md
ℹ swami-vivekanand-karmyog-sanskaran-13-1912-hindi.md - needs description (will be generated in batch)
  ✓ Added 1 alternative source(s)
  ✓ Added Wikipedia link
✓ swami-vivekanand-karmyog-sanskaran-13-1912-hindi.md
ℹ swami-vivekanand-shiksha-1953-hindi.md - needs description (will be generated in batch)
  ✓ Added Wikipedia link
✓ swami-vivekanand-shiksha-1953-hindi.md
ℹ tagore-rabindranath-1861-1941-gitanjali-song-offerings-a-collection-of-prose-translations--1913-english.md - needs description (will be generated in batch)
  ✓ Added 5 alternative source(s)
✓ tagore-rabindranath-1861-1941-gitanjali-song-offerings-a-collection-of-prose-translations--1913-english.md
ℹ tarkalankar-chandrakumar-tr-brihat-tantrasar-1932-bengali.md - needs description (will be generated in batch)
  ✓ Added Wikipedia link
✓ tarkalankar-chandrakumar-tr-brihat-tantrasar-1932-bengali.md
ℹ temple-richard-carnac-sir-1850-1931-the-legends-of-the-panjab-1884-english.md - needs description (will be generated in batch)
  ✓ Added 3 alternative source(s)
✓ temple-richard-carnac-sir-1850-1931-the-legends-of-the-panjab-1884-english.md
ℹ the-new-century-english-urdu-dictionary-1936-1936-english.md - needs description (will be generated in batch)
  ✓ Added Wikipedia link
✓ the-new-century-english-urdu-dictionary-1936-1936-english.md
ℹ vasant-sangeet-visharad-1954-hindi.md - needs description (will be generated in batch)
  ✓ Added Wikipedia link
✓ vasant-sangeet-visharad-1954-hindi.md
ℹ vatsyayana-the-kama-sutra-of-vatsyayana-1883-english.md - needs description (will be generated in batch)
  ✓ Added 5 alternative source(s)
  ✓ Added Wikipedia link
✓ vatsyayana-the-kama-sutra-of-vatsyayana-1883-english.md
ℹ vidya-bhashker-prf-udayabeer-shastri-kauitilya-earthshastra-hindi-anubad-1925-hindi.md - needs description (will be generated in batch)
→ vidya-bhashker-prf-udayabeer-shastri-kauitilya-earthshastra-hindi-anubad-1925-hindi.md (no changes)
ℹ ville-paul-de-universal-method-for-the-saxophone-based-upon-the-celebrated-1908-english.md - needs description (will be generated in batch)
  ✓ Added Wikipedia link
✓ ville-paul-de-universal-method-for-the-saxophone-based-upon-the-celebrated-1908-english.md
ℹ vyvastahapak-bharat-sarkar-bharat-ka-samvidhan-1957-1957-hindi.md - needs description (will be generated in batch)
→ vyvastahapak-bharat-sarkar-bharat-ka-samvidhan-1957-1957-hindi.md (no changes)
ℹ white-william-of-sheffield-history-gazetteer-and-directory-of-the-county-of-devon-inclu-1878-english.md - needs description (will be generated in batch)
→ white-william-of-sheffield-history-gazetteer-and-directory-of-the-county-of-devon-inclu-1878-english.md (no changes)
ℹ yates-william-1792-1845-a-dictionary-hindustání-and-english-1847-english.md - needs description (will be generated in batch)
  ✓ Added 1 alternative source(s)
✓ yates-william-1792-1845-a-dictionary-hindustání-and-english-1847-english.md
ℹ yjñavalkya-yajnavalkya-smriti-with-the-commentary-of-vijnanevara-called-1918-english.md - needs description (will be generated in batch)
  ✓ Added Wikipedia link
✓ yjñavalkya-yajnavalkya-smriti-with-the-commentary-of-vijnanevara-called-1918-english.md
ℹ ओझ-गपश-कमर-हसत-रख-वजञन-1956-hindi.md - needs description (will be generated in batch)
→ ओझ-गपश-कमर-हसत-रख-वजञन-1956-hindi.md (no changes)
ℹ गसवम-तलसदस-रमचरतमनस-1926-hindi.md - needs description (will be generated in batch)
  ✓ Added 5 alternative source(s)
✓ गसवम-तलसदस-रमचरतमनस-1926-hindi.md
ℹ పరమహస-యగనద-ఒక-యగ-ఆతమకథ-1951-telugu.md - needs description (will be generated in batch)
  ✓ Added 2 alternative source(s)
✓ పరమహస-యగనద-ఒక-యగ-ఆతమకథ-1951-telugu.md

============================================================
Enhancement Complete!
============================================================

Total: 85
Enhanced: 58
Alternative sources added: 63
Wikipedia links added: 47
Errors: 1

Output: /home/bhuvanesh.r/AA/A main projects/Dhwani files/new-dhwani/enhanced-set2

Next step: Generate descriptions for works marked [NEEDS GENERATION]
