Starting Archive.org link replacement search...

════════════════════════════════════════════════════════════════════════════════
ARCHIVE.ORG LINK FINDER & REPLACER
════════════════════════════════════════════════════════════════════════════════

Found 127 works with broken links

[1/127] A Grammar of the Bengal Language
  File: a-grammar-of-the-bengal-language-nathaniel-brassey-halhed.md
  Metadata: Nathaniel Brassey Halhed, 1778
  Broken links: 1

  Searching: "A Grammar of the Bengal Language Halhed"
  ⚠ Search failed: getaddrinfo EAI_AGAIN archive.org
  Searching: "title:(A Grammar of the Bengal Language) creator:(Halhed)"
  ⚠ Search failed: getaddrinfo EAI_AGAIN archive.org
  Searching: "A Grammar of the Bengal Language"
  ⚠ Search failed: getaddrinfo EAI_AGAIN archive.org
  ✗ NOT FOUND - No suitable replacement

[2/127] A Sanskrit–English Dictionary (enlarged ed.)
  File: a-sanskritenglish-dictionary-enlarged-ed-monier-monier-williams.md
  Metadata: Monier Monier-Williams, 1899
  Broken links: 1

  Searching: "A Sanskrit–English Dictionary (enlarged ed.) Monier-Williams"
  ⚠ Search failed: getaddrinfo EAI_AGAIN archive.org
  Searching: "title:(A Sanskrit–English Dictionary (enlarged ed.)) creator:(Monier-Williams)"
  ⚠ Search failed: getaddrinfo EAI_AGAIN archive.org
  Searching: "A Sanskrit–English Dictionary (enlarged ed.)"
  ⚠ Search failed: getaddrinfo EAI_AGAIN archive.org
  ✗ NOT FOUND - No suitable replacement

[3/127] Acharanga Sutra (The First Jain Agama)
  File: acharanga-sutra.md
  Metadata: Mahavira, -300
  Broken links: 1

  Searching: "Acharanga Sutra (The First Jain Agama) Mahavira"
  ⚠ Search failed: getaddrinfo EAI_AGAIN archive.org
  Searching: "title:(Acharanga Sutra (The First Jain Agama)) creator:(Mahavira)"
  ⚠ Search failed: getaddrinfo EAI_AGAIN archive.org
  Searching: "Acharanga Sutra (The First Jain Agama)"
  ⚠ Search failed: getaddrinfo EAI_AGAIN archive.org
  ✗ NOT FOUND - No suitable replacement

[4/127] Adhyātma Rāmāyaṇaṃ Kilipattu
  File: adhyatma-ramayanam-kilippattu-ezhuthachan-malayalam.md
  Metadata: Thunchath Ezhuthachan, 1600
  Broken links: 3

  Searching: "Adhyātma Rāmāyaṇaṃ Kilipattu Ezhuthachan"
  ⚠ Search failed: getaddrinfo EAI_AGAIN archive.org
  Searching: "title:(Adhyātma Rāmāyaṇaṃ Kilipattu) creator:(Ezhuthachan)"
  ⚠ Search failed: getaddrinfo EAI_AGAIN archive.org
  Searching: "Adhyātma Rāmāyaṇaṃ Kilipattu"
  ⚠ Search failed: getaddrinfo EAI_AGAIN archive.org
  ✗ NOT FOUND - No suitable replacement

[5/127] Alberuni's India (Kitab al-Hind)
  File: alberunis-india.md
  Metadata: Al-Biruni, 1030
  Broken links: 1

  Searching: "Alberuni's India (Kitab al-Hind) Al-Biruni"
  ⚠ Search failed: getaddrinfo EAI_AGAIN archive.org
  Searching: "title:(Alberuni's India (Kitab al-Hind)) creator:(Al-Biruni)"
  ⚠ Search failed: getaddrinfo EAI_AGAIN archive.org
  Searching: "Alberuni's India (Kitab al-Hind)"
  ⚠ Search failed: getaddrinfo EAI_AGAIN archive.org
  ✗ NOT FOUND - No suitable replacement

[6/127] Amarakośa (The Immortal Treasury)
  File: amarakosha-amarasimha-colebrooke-ed.md
  Metadata: Amarasimha, 1808
  Broken links: 4

  Searching: "Amarakośa (The Immortal Treasury) Amarasimha"
  ⚠ Search failed: getaddrinfo EAI_AGAIN archive.org
  Searching: "title:(Amarakośa (The Immortal Treasury)) creator:(Amarasimha)"
  ⚠ Search failed: getaddrinfo EAI_AGAIN archive.org
  Searching: "Amarakośa (The Immortal Treasury)"
  ⚠ Search failed: getaddrinfo EAI_AGAIN archive.org
  ✗ NOT FOUND - No suitable replacement

[7/127] Āndhra Mahābhāratamu (The Telugu Mahabharata)
  File: andhra-mahabharatamu-nannaya-telugu.md
  Metadata: Nannaya Bhattaraka, 1025
  Broken links: 3

  Searching: "Āndhra Mahābhāratamu (The Telugu Mahabharata) Bhattaraka"
  ⚠ Search failed: getaddrinfo EAI_AGAIN archive.org
  Searching: "title:(Āndhra Mahābhāratamu (The Telugu Mahabharata)) creator:(Bhattaraka)"
  ⚠ Search failed: getaddrinfo EAI_AGAIN archive.org
  Searching: "Āndhra Mahābhāratamu (The Telugu Mahabharata)"
  ⚠ Search failed: getaddrinfo EAI_AGAIN archive.org
  ✗ NOT FOUND - No suitable replacement

[8/127] Aryabhatiya
  File: aryabhatiya-aryabhata.md
  Metadata: Aryabhata, 499
  Broken links: 1

  Searching: "Aryabhatiya Aryabhata"
  ⚠ Search failed: getaddrinfo EAI_AGAIN archive.org
  Searching: "title:(Aryabhatiya) creator:(Aryabhata)"
  ⚠ Search failed: getaddrinfo EAI_AGAIN archive.org
  Searching: "Aryabhatiya"
  ⚠ Search failed: getaddrinfo EAI_AGAIN archive.org
  ✗ NOT FOUND - No suitable replacement

[9/127] Ashtavakra Gita (Song of Ashtavakra)
  File: ashtavakra-gita.md
  Metadata: Unknown, 500
  Broken links: 1

  Searching: "Ashtavakra Gita (Song of Ashtavakra) Unknown"
  ⚠ Search failed: getaddrinfo EAI_AGAIN archive.org
  Searching: "title:(Ashtavakra Gita (Song of Ashtavakra)) creator:(Unknown)"
  ⚠ Search failed: getaddrinfo EAI_AGAIN archive.org
  Searching: "Ashtavakra Gita (Song of Ashtavakra)"
  ⚠ Search failed: getaddrinfo EAI_AGAIN archive.org
  ✗ NOT FOUND - No suitable replacement

[10/127] Bodhicharyavatara (A Guide to the Bodhisattva's Way of Life)
  File: bodhicharyavatara-shantideva.md
  Metadata: Shantideva, 700
  Broken links: 2

  Searching: "Bodhicharyavatara (A Guide to the Bodhisattva's Way of Life) Shantideva"
  ⚠ Search failed: getaddrinfo EAI_AGAIN archive.org
  Searching: "title:(Bodhicharyavatara (A Guide to the Bodhisattva's Way of Life)) creator:(Shantideva)"
  ⚠ Search failed: getaddrinfo EAI_AGAIN archive.org
  Searching: "Bodhicharyavatara (A Guide to the Bodhisattva's Way of Life)"
  ⚠ Search failed: getaddrinfo EAI_AGAIN archive.org
  ✗ NOT FOUND - No suitable replacement

════════════════════════════════════════════════════════════════════════════════
SUMMARY
════════════════════════════════════════════════════════════════════════════════
Processed: 10/127 works
Replacements found: 0
  High confidence: 0
  Medium confidence: 0
  Low confidence: 0
Not found: 10

✓ Results saved to: verification-reports/link-replacement-results.json
✓ Report saved to: verification-reports/LINK_REPLACEMENT_REPORT.md
