============================================================
Polishing Descriptions - Second Pass
============================================================

This will:
  • Remove all preambles
  • Enhance depth and detail
  • Match exemplar quality
  • Target 250-300 words per description

Found 84 works to polish


============================================================
Batch 1/17 (5 works)
============================================================
⚠ agrawal-rishilal-hindi---sanket---lipi-rishi-pranali-1947-hindi.md - could not parse
⚠ arrian-the-anabasis-of-alexander-or-the-history-of-the-wars-and-con-1884-english.md - could not parse
⚠ bhairja-ji-samudirk-shastr-1937-hindi.md - could not parse
⚠ bhargav-pryag-narayan-ramayan-1948-1948-hindi.md - could not parse
⚠ biliyams-borik-homoeopathic-materia-medica-wth-repertory-1927-hindi.md - could not parse

Waiting 2s before next batch...

============================================================
Batch 2/17 (5 works)
============================================================

✨ Polishing: The Indian Antiquary Vol-xxxvi(1907)...
✓ british-india-press-byculla-bombay-the-indian-antiquary-vol-xxxvi1907-1907-english.md
  Length: 209 words
  Preview: The Indian Antiquary Vol-xxxvi represents a watershed scholarly compendium documenting the intricate...
⚠ campbell-a-of-the-santal-mission-a-santali-english-dictionary-1899-english.md - could not parse

✨ Polishing: Rigved Prathane Hindi Bhasaye...
✓ dayananda-sarasvati-rigved-prathane-hindi-bhasaye-1919-hindi.md
  Length: 213 words
  Preview: Dayananda Sarasvati's 1919 Rigved Prathane Hindi Bhasaye emerges as a transformative scholarly inter...
⚠ dediyar-vladimir-yantra-mantra-tantra-vidhya-1954-hindi.md - could not parse
⚠ dr-narain-datt-hast-rekha-1960-hindi.md - could not parse

Waiting 2s before next batch...

============================================================
Batch 3/17 (5 works)
============================================================
⚠ drambikadatta-sastry-sushrita-samhita-1959-hindi.md - could not parse
⚠ drdharma-bhati-gunahon-ka-devata-1942-hindi.md - could not parse
⚠ drgiraj-sankar-prshad-prachin-bharat-ka-itihas-1955-hindi.md - could not parse
⚠ durga-prasad-singh-bhojpuri-lokgeet-1944-hindi.md - could not parse

✨ Polishing: The Indian Antiquary Vol-xxxviii(1909)...
✓ education-societys-press-byculla-bombay-the-indian-antiquary-vol-xxxviii1909-1909-english.md
  Length: 236 words
  Preview: The Indian Antiquary's thirty-eighth volume represents a pivotal scholarly archive capturing the int...

Waiting 2s before next batch...

============================================================
Batch 4/17 (5 works)
============================================================
⚠ fallon-s-w-a-new-english-hindustani-dictionary-1925-english.md - could not parse
⚠ fallon-s-w-a-new-english-hindustani-dictionary-1927-english.md - could not parse

✨ Polishing: The Indian Antiquary Vol-xxxiii 1904...
✓ fleet-john-faithfull-the-indian-antiquary-vol-xxxiii-1904-1904-english.md
  Length: 244 words
  Preview: John Faithfull Fleet's thirty-third volume of The Indian Antiquary (1904) emerges as a landmark scho...
⚠ greaves-edwin-hindi-grammar-1921-english.md - could not parse

✨ Polishing: The original lists of persons of quality; emigrants; religio...
✓ hotten-john-camden-1832-1873-the-original-lists-of-persons-of-quality-emigrants-religious-1874-english.md
  Length: 224 words
  Preview: John Camden Hotten's meticulously compiled demographic archive offers unprecedented insight into Bri...

Waiting 2s before next batch...

============================================================
Batch 5/17 (5 works)
============================================================
⚠ jahangir-emperor-of-hindustan-1569-1627-the-tuzuk-i-jahangiri-or-memoirs-of-jahangir-translated-by-a-1909-english.md - could not parse
⚠ jain-chhotelal-samudrik-shastra-ya-bhagya-nirny-1927-hindi.md - could not parse
⚠ kapur-primila-vivah-sex-aur-prem-1910-hindi.md - could not parse
⚠ kayasth-deviprasad-babarnama-1910-hindi.md - could not parse

✨ Polishing: Gurucharitra...
✓ kelakar-narayan-chintaman-gurucharitra-1903-marathi.md
  Length: 214 words
  Preview: Narayan Chintaman Kelakar's Gurucharitra (1903) represents a watershed scholarly intervention in doc...

Waiting 2s before next batch...

============================================================
Batch 6/17 (5 works)
============================================================
⚠ keluusakar-krxshhnd-araav-arajuna-chhatrapati-shivaajii-mahaaraaj-yaanchen-charitra-1920-marathi.md - could not parse
⚠ khwaja-muhammad-ashraf-ali-naqsh-e-sulaimani-1873-urdu.md - could not parse
⚠ klidsa-the-raghuvamsa-of-kalidasa-with-the-commentary-the-samjivani-1922-sanskrit.md - could not parse
⚠ krishan-gopal-ras-tantra-sar-v-sidh-prayog-sangrah-1947-hindi.md - could not parse
⚠ lee-harper-to-kill-a-mocking-bird-1960-english.md - could not parse

Waiting 2s before next batch...

============================================================
Batch 7/17 (5 works)
============================================================
⚠ lethbridge-roper-sir-1840-1919-the-golden-book-of-india-a-genealogical-and-biographical-dic-1893-english.md - could not parse

✨ Polishing: A Sanskrit-English dictionary, etymologically and philologic...
✓ monier-williams-monier-sir-1819-1899-a-sanskrit-english-dictionary-etymologically-and-philologica-1960-english.md
  Length: 219 words
  Preview: Sir Monier Monier-Williams' seminal Sanskrit-English dictionary, first published in 1899 and compreh...
⚠ moti-chand-panchtantra-1931-hindi.md - could not parse
⚠ na-catalogue-and-index-of-the-allahabad-public-library-1927-english.md - could not parse
⚠ na-mario-puzo-the-godfather-1922-english.md - could not parse

Waiting 2s before next batch...

============================================================
Batch 8/17 (5 works)
============================================================
⚠ nag-kesheb-chandra-complete-core-mathematics-1962-bengali.md - could not parse
⚠ nirmala-sherjang-manovigyan-1954-hindi.md - could not parse
⚠ not-available-bhrigu-sanhita-paddhati-1949-sanskrit.md - could not parse
⚠ not-available-kok-shastar-part-i-1945-hindi.md - could not parse
⚠ not-available-pavitra-bible-1961-hindi.md - could not parse

Waiting 2s before next batch...

============================================================
Batch 9/17 (5 works)
============================================================

✨ Polishing: Thackers Indian Directory(1920)...
✓ not-available-thackers-indian-directory1920-1920-english.md
  Length: 244 words
  Preview: Thackers Indian Directory (1920) emerges as a pivotal cartographic document illuminating the intrica...
⚠ not-available-vivah-vigyan-aur-kam-shastra-1111-hindi.md - could not parse
⚠ ojha-gopeshkumar-sugam-jyotish-praveshika-1959-hindi.md - could not parse
⚠ pahwa-thakardass-the-modern-hindustani-scholar-or-the-pucca-munshi-1919-english.md - could not parse
⚠ pandith-rajesh-dixit-sanhit-1635-sanskrit.md - could not parse

Waiting 2s before next batch...

============================================================
Batch 10/17 (5 works)
============================================================
⚠ paschimbanga-rajya-sangeet-academy-patrika-no-1-5-1402-1409-1409-und.md - could not parse
⚠ patak-p-ramchand-bhargav-adarsh-hindi-shabdkosh-1942-hindi.md - could not parse
⚠ phillott-douglas-craven-1860-colloquial-english-persian-dictionary-in-the-roman-character-1914-english.md - could not parse
⚠ raakesh-mohan-aashhaadda-kaa-ek-din-1958-hindi.md - could not parse
⚠ raghunath-singh-indrajal-1941-hindi.md - could not parse

Waiting 2s before next batch...

============================================================
Batch 11/17 (5 works)
============================================================
⚠ rav-rai-singh-chinta-chhodo-sukh-se-jiyo-1111-hindi.md - could not parse
⚠ rc-majumdar-an-advanced-history-of-india-1946-english.md - could not parse
⚠ reed-sir-stanley-the-indian-year-book-1947-vol-xxxiii-1947-1947-english.md - could not parse
⚠ reed-sir-stanley-the-indian-year-book-volume-xxix-1942-english.md - could not parse
⚠ reed-sir-stanley-the-indian-year-book-volume-xxxiii-1947-english.md - could not parse

Waiting 2s before next batch...

============================================================
Batch 12/17 (5 works)
============================================================

✨ Polishing: New English Hindustani Dictionary...
✓ s-w-fallon-new-english-hindustani-dictionary-1883-english.md
  Length: 239 words
  Preview: S.W. Fallon's New English Hindustani Dictionary (1883) represents a landmark lexicographic achieveme...
⚠ saahitya-bhavan-limiteda-prayaag-schitra-ayurved-1936-hindi.md - could not parse
⚠ sant-ram-how-to-win-friends-and-influence-people-1959-hindi.md - could not parse
⚠ shastri-dharmachandra-upayogi-chikitsa-1927-hindi.md - could not parse
⚠ shree-bhaskarayacharayabiracharita-leelavati-1835-hindi.md - could not parse

Waiting 2s before next batch...

============================================================
Batch 13/17 (5 works)
============================================================
⚠ shukla-ramchandra-hindi-sahitya-ka-itihas-1948-hindi.md - could not parse
⚠ shukla-ramchandra-ramcharit-manas-sundar-kand-1932-hindi.md - could not parse
⚠ singhaniya-raghunath-prasad-marwadi-bhajan-sagar-1930-hindi.md - could not parse
⚠ sir-stanley-reed-the-indian-year-book-1928-1928-english.md - could not parse

✨ Polishing: The Indian Year Book 1934 Vol 20...
✓ sir-stanley-reed-the-indian-year-book-1934-vol-20-1934-english.md
  Length: 257 words
  Preview: Sir Stanley Reed's meticulously curated The Indian Year Book 1934 emerges as a definitive archival c...

Waiting 2s before next batch...

============================================================
Batch 14/17 (5 works)
============================================================
⚠ swami-pt-tulsiram-manusmriti-1111-hindi.md - could not parse
⚠ swami-vivekanadh-gyan-yog-1958-hindi.md - could not parse
⚠ swami-vivekanand-karmyog-sanskaran-13-1912-hindi.md - could not parse
⚠ swami-vivekanand-shiksha-1953-hindi.md - could not parse
⚠ tagore-rabindranath-1861-1941-gitanjali-song-offerings-a-collection-of-prose-translations--1913-english.md - could not parse

Waiting 2s before next batch...

============================================================
Batch 15/17 (5 works)
============================================================
⚠ tarkalankar-chandrakumar-tr-brihat-tantrasar-1932-bengali.md - could not parse
⚠ temple-richard-carnac-sir-1850-1931-the-legends-of-the-panjab-1884-english.md - could not parse

✨ Polishing: The New Century English Urdu Dictionary (1936)...
✓ the-new-century-english-urdu-dictionary-1936-1936-english.md
  Length: 237 words
  Preview: The New Century English Urdu Dictionary (1936), published by Ram Narain Lal in Allahabad, emerges as...
⚠ vasant-sangeet-visharad-1954-hindi.md - could not parse
⚠ vatsyayana-the-kama-sutra-of-vatsyayana-1883-english.md - could not parse

Waiting 2s before next batch...

============================================================
Batch 16/17 (5 works)
============================================================
⚠ vidya-bhashker-prf-udayabeer-shastri-kauitilya-earthshastra-hindi-anubad-1925-hindi.md - could not parse
⚠ ville-paul-de-universal-method-for-the-saxophone-based-upon-the-celebrated-1908-english.md - could not parse
⚠ vyvastahapak-bharat-sarkar-bharat-ka-samvidhan-1957-1957-hindi.md - could not parse
⚠ white-william-of-sheffield-history-gazetteer-and-directory-of-the-county-of-devon-inclu-1878-english.md - could not parse
⚠ yates-william-1792-1845-a-dictionary-hindustání-and-english-1847-english.md - could not parse

Waiting 2s before next batch...

============================================================
Batch 17/17 (4 works)
============================================================
⚠ yjñavalkya-yajnavalkya-smriti-with-the-commentary-of-vijnanevara-called-1918-english.md - could not parse
⚠ ओझ-गपश-कमर-हसत-रख-वजञन-1956-hindi.md - could not parse
⚠ गसवम-तलसदस-रमचरतमनस-1926-hindi.md - could not parse
⚠ పరమహస-యగనద-ఒక-యగ-ఆతమకథ-1951-telugu.md - could not parse

============================================================
Polishing Complete!
============================================================

Total: 84
Polished: 11
Errors: 73

All descriptions enhanced and ready for deployment!
