
############################################################
# BATCH B MULTI-API REFERENCE HUNTER
# Processing 20 works (Works 21-40)
############################################################


[1/20] Processing: atharvaveda-saunaka-visha-bandhu-2.md
  ⚠️  YAML parsing error: while parsing a block mapping
  in "<unicode string>", line 1, column 1:
    title: "Atharvaveda (saunaka)"
    ^ (line: 1)
expected <block end>, but found '<scalar>'
  in "<unicode string>", line 6, column 181:
     ... veda or Atharva Veda or is the "knowledge storehouse of atharvan ... 
                                         ^ (line: 6)
  Attempting manual fix...

============================================================
Fetching references for: Atharvaveda (saunaka)
Authors: Visha Bandhu
============================================================
  [1/7] Searching Wikipedia for work...
    ✓ Found: https://en.wikipedia.org/wiki/Atharvaveda
  [2/7] Searching Wikipedia for author: Visha Bandhu...
    ✗ Not found
  [3/7] Searching Wikidata for work...
    ✗ Not found
  [4/7] Searching Wikidata for author: Visha Bandhu...
    ✗ Not found
  [5/7] Searching OpenLibrary for work...
    ✓ Found: https://openlibrary.org/works/OL23652408W
  [6/7] Searching OpenLibrary for author: Visha Bandhu...
    ✗ Not found
  [7/7] Searching Wikisource for work...
    ✓ Found: https://en.wikisource.org/wiki/1911_Encyclopædia_Britannica/Sanskrit

  Total references found: 3
  ✅ Updated: atharvaveda-saunaka-visha-bandhu-2.md (3 references)

[2/20] Processing: bhartiya-jyotish-vigyan-ravindra-kumar-dubey.md

============================================================
Fetching references for: Bhartiya Jyotish Vigyan
Authors: Ravindra Kumar Dubey
============================================================
  [1/7] Searching Wikipedia for work...
    ✗ Not found
  [2/7] Searching Wikipedia for author: Ravindra Kumar Dubey...
    ✓ Found: https://en.wikipedia.org/wiki/Hindi_blogosphere
  [3/7] Searching Wikidata for work...
    ✗ Not found
  [4/7] Searching Wikidata for author: Ravindra Kumar Dubey...
    ✗ Not found
  [5/7] Searching OpenLibrary for work...
    ✗ Not found
  [6/7] Searching OpenLibrary for author: Ravindra Kumar Dubey...
    ✓ Found: https://openlibrary.org/authors/OL9548456A
  [7/7] Searching Wikisource for work...
    ✗ Not found

  Total references found: 2
  ⚠️  WARNING: Only 2 references found (minimum 3 required)
  ✅ Updated: bhartiya-jyotish-vigyan-ravindra-kumar-dubey.md (2 references)

[3/20] Processing: bhartiya-shasan-and-rajniti-jain-pukhraj.md

============================================================
Fetching references for: Bhartiya Shasan And Rajniti
Authors: Jain Pukhraj
============================================================
  [1/7] Searching Wikipedia for work...
    ✗ Not found
  [2/7] Searching Wikipedia for author: Jain Pukhraj...
    ✓ Found: https://en.wikipedia.org/wiki/Pukhraj_Bafna
  [3/7] Searching Wikidata for work...
    ✗ Not found
  [4/7] Searching Wikidata for author: Jain Pukhraj...
    ✗ Not found
  [5/7] Searching OpenLibrary for work...
    ✗ Not found
  [6/7] Searching OpenLibrary for author: Jain Pukhraj...
    ✗ Not found
  [7/7] Searching Wikisource for work...
    ✗ Not found

  Total references found: 1
  ⚠️  WARNING: Only 1 references found (minimum 3 required)
  ✅ Updated: bhartiya-shasan-and-rajniti-jain-pukhraj.md (1 references)

[4/20] Processing: buddhist-art-in-india-grünwedel.md

============================================================
Fetching references for: Buddhist art in India
Authors: Grünwedel, Albert, 1856-1935 Burgess
============================================================
  [1/7] Searching Wikipedia for work...
    ✓ Found: https://en.wikipedia.org/wiki/Buddhist_art
  [2/7] Searching Wikipedia for author: Grünwedel...
    ✓ Found: https://en.wikipedia.org/wiki/Albert_Grünwedel
  [3/7] Searching Wikipedia for author: Albert...
    ✓ Found: https://en.wikipedia.org/wiki/Albert
  [3/7] Searching Wikidata for work...
    ✓ Found: https://www.wikidata.org/wiki/Q57685413
  [4/7] Searching Wikidata for author: Grünwedel...
    ✓ Found: https://www.wikidata.org/wiki/Q25710844
  📝 Saved author bio: Grünwedel
  [4/7] Searching Wikidata for author: Albert...
    ✓ Found: https://www.wikidata.org/wiki/Q577011
  📝 Saved author bio: Albert
  [5/7] Searching OpenLibrary for work...
    ✓ Found: https://openlibrary.org/works/OL11393833W
  [6/7] Searching OpenLibrary for author: Grünwedel...
    ✓ Found: https://openlibrary.org/authors/OL102359A
  [7/7] Searching Wikisource for work...
    ✓ Found: https://en.wikisource.org/wiki/Asoka_-_the_Buddhist_Emperor_of_India/Chapter_1

  Total references found: 9
  ✅ Updated: buddhist-art-in-india-grünwedel.md (9 references)

[5/20] Processing: contributions-of-sanskrit-inscriptions-to-lexicography-tewari.md

============================================================
Fetching references for: Contributions of Sanskrit inscriptions to lexicography
Authors: Tewari, S. P., 1944-
============================================================
  [1/7] Searching Wikipedia for work...
    ✓ Found: https://en.wikipedia.org/wiki/Sanskrit_literature
  [2/7] Searching Wikipedia for author: Tewari...
    ✓ Found: https://en.wikipedia.org/wiki/Tiwari
  [3/7] Searching Wikipedia for author: S. P....
    ✓ Found: https://en.wikipedia.org/wiki/S&P_500
  [3/7] Searching Wikidata for work...
    ✗ Not found
  [4/7] Searching Wikidata for author: Tewari...
    ✓ Found: https://www.wikidata.org/wiki/Q37518551
  📝 Saved author bio: Tewari
  [4/7] Searching Wikidata for author: S. P....
    ✓ Found: https://www.wikidata.org/wiki/Q63183273
  📝 Saved author bio: S. P.
  [5/7] Searching OpenLibrary for work...
    ✓ Found: https://openlibrary.org/works/OL5081993W
  [6/7] Searching OpenLibrary for author: Tewari...
    ✓ Found: https://openlibrary.org/authors/OL6764646A
  [7/7] Searching Wikisource for work...
    ✓ Found: https://en.wikisource.org/wiki/Fifty_years_of_"The_Indian_Antiquary"

  Total references found: 8
  ✅ Updated: contributions-of-sanskrit-inscriptions-to-lexicography-tewari.md (8 references)

[6/20] Processing: contributions-of-sanskrit-inscriptions-to-lexicography-tewari-s-p-1944.md

============================================================
Fetching references for: Contributions of Sanskrit inscriptions to lexicography
Authors: Tewari, S. P., 1944-
============================================================
  [1/7] Searching Wikipedia for work...
    ✓ Found: https://en.wikipedia.org/wiki/Sanskrit_literature
  [2/7] Searching Wikipedia for author: Tewari, S. P., 1944-...
    ✓ Found: https://en.wikipedia.org/wiki/List_of_Indian_women_artists
  [3/7] Searching Wikidata for work...
    ✗ Not found
  [4/7] Searching Wikidata for author: Tewari, S. P., 1944-...
    ✗ Not found
  [5/7] Searching OpenLibrary for work...
    ✓ Found: https://openlibrary.org/works/OL5081993W
  [6/7] Searching OpenLibrary for author: Tewari, S. P., 1944-...
    ✗ Not found
  [7/7] Searching Wikisource for work...
    ✓ Found: https://en.wikisource.org/wiki/Fifty_years_of_"The_Indian_Antiquary"

  Total references found: 4
  ✅ Updated: contributions-of-sanskrit-inscriptions-to-lexicography-tewari-s-p-1944.md (4 references)

[7/20] Processing: critical-word-index-of-the-bhagavadgita-divanji.md

============================================================
Fetching references for: Critical word index of the Bhagavadgita
Authors: Divanji, Prahlad C.
============================================================
  [1/7] Searching Wikipedia for work...
    ✓ Found: https://en.wikipedia.org/wiki/Bhagavad_Gita
  [2/7] Searching Wikipedia for author: Divanji...
    ✓ Found: https://en.wikipedia.org/wiki/Yoga_Yajnavalkya
  [3/7] Searching Wikipedia for author: Prahlad C....
    ✓ Found: https://en.wikipedia.org/wiki/Manohar_Prahlad_Awati
  [3/7] Searching Wikidata for work...
    ✗ Not found
  [4/7] Searching Wikidata for author: Divanji...
