2025-11-07 02:53:24,794 - INFO - ================================================================================
2025-11-07 02:53:24,794 - INFO - ARCHIVE.ORG DOWNLOAD PROCESS STARTED
2025-11-07 02:53:24,794 - INFO - ================================================================================
2025-11-07 02:53:24,796 - INFO - Found 21 works to download
2025-11-07 02:53:24,796 - INFO - 
============================================================
2025-11-07 02:53:24,796 - INFO - [1/21] Processing: afbfcadf9a80_in.ernet.dli.2015.537663.json
2025-11-07 02:53:24,796 - INFO - Already downloaded successfully, skipping...
2025-11-07 02:53:24,796 - INFO - 
============================================================
2025-11-07 02:53:24,796 - INFO - [2/21] Processing: e9194c75726b_isbn_9781475172461.json
2025-11-07 02:53:24,797 - INFO - Found 5 download options
2025-11-07 02:53:24,797 - INFO - Trying option 1/3: isbn_9781475172461_djvu.txt (0.2 MB)
2025-11-07 02:53:24,797 - INFO - Downloading: https://archive.org/download/isbn_9781475172461/isbn_9781475172461_djvu.txt
2025-11-07 02:53:25,402 - ERROR - Download failed: 403 Client Error: Forbidden for url: https://ia801907.us.archive.org/18/items/isbn_9781475172461/isbn_9781475172461_djvu.txt
2025-11-07 02:53:25,403 - WARNING - Download failed, trying next option...
2025-11-07 02:53:27,404 - INFO - Trying option 2/3: isbn_9781475172461.epub (6.3 MB)
2025-11-07 02:53:27,404 - INFO - Downloading: https://archive.org/download/isbn_9781475172461/isbn_9781475172461.epub
2025-11-07 02:53:28,844 - ERROR - Download failed: 401 Client Error: Unauthorized for url: https://dn790007.ca.archive.org/0/items/isbn_9781475172461/isbn_9781475172461.epub
2025-11-07 02:53:28,846 - WARNING - Download failed, trying next option...
2025-11-07 02:53:30,847 - INFO - Trying option 3/3: isbn_9781475172461_encrypted.epub (0.7 MB)
2025-11-07 02:53:30,848 - INFO - Downloading: https://archive.org/download/isbn_9781475172461/isbn_9781475172461_encrypted.epub
2025-11-07 02:53:33,086 - INFO - Downloaded: e9194c75726b_isbn_9781475172461_encrypted.epub (755.9 KB)
2025-11-07 02:53:35,195 - ERROR - Text extraction failed for e9194c75726b_isbn_9781475172461_encrypted.epub: list index out of range
2025-11-07 02:53:35,195 - WARNING - Extracted text too short or failed, trying next option...
2025-11-07 02:53:35,195 - ERROR - All download options failed for isbn_9781475172461
2025-11-07 02:53:35,195 - ERROR - ✗ Failed to download: e9194c75726b
2025-11-07 02:53:35,197 - INFO - 
============================================================
2025-11-07 02:53:35,197 - INFO - [3/21] Processing: 2ba90740ea89_kathasaritsagara_202507.json
2025-11-07 02:53:35,197 - INFO - Found 2 download options
2025-11-07 02:53:35,197 - INFO - Trying option 1/2: kathasaritsagara_djvu.txt (3.5 MB)
2025-11-07 02:53:35,198 - INFO - Downloading: https://archive.org/download/kathasaritsagara_202507/kathasaritsagara_djvu.txt
2025-11-07 02:53:37,087 - INFO - Downloaded: 2ba90740ea89_kathasaritsagara_djvu.txt (3573.5 KB)
2025-11-07 02:53:39,097 - INFO - Successfully extracted 3656019 characters
2025-11-07 02:53:39,465 - INFO - Quality score: 1.00
2025-11-07 02:53:39,472 - INFO - ✓ Success: Saved to 2ba90740ea89.txt
2025-11-07 02:53:39,474 - INFO - 
============================================================
2025-11-07 02:53:39,474 - INFO - [4/21] Processing: 754988381da4_anandamath-bankim-chandra-chatterjee.json
2025-11-07 02:53:39,474 - INFO - Found 3 download options
2025-11-07 02:53:39,474 - INFO - Trying option 1/3: Anandamath_Bankim Chandra Chatterjee_djvu.txt (0.3 MB)
2025-11-07 02:53:39,475 - INFO - Downloading: https://archive.org/download/anandamath-bankim-chandra-chatterjee/Anandamath_Bankim Chandra Chatterjee_djvu.txt
2025-11-07 02:53:41,280 - INFO - Downloaded: 754988381da4_Anandamath_Bankim Chandra Chatterjee_djvu.txt (290.4 KB)
2025-11-07 02:53:43,281 - INFO - Successfully extracted 293423 characters
2025-11-07 02:53:43,310 - INFO - Quality score: 1.00
2025-11-07 02:53:43,313 - INFO - ✓ Success: Saved to 754988381da4.txt
2025-11-07 02:53:43,314 - INFO - 
============================================================
2025-11-07 02:53:43,314 - INFO - [5/21] Processing: 990e6771ca33_hitopadesha_hindi.json
2025-11-07 02:53:43,315 - INFO - Found 4 download options
2025-11-07 02:53:43,315 - INFO - Trying option 1/3: hitopadesha_hindi_djvu.txt (1.0 MB)
2025-11-07 02:53:43,315 - INFO - Downloading: https://archive.org/download/hitopadesha_hindi/hitopadesha_hindi_djvu.txt
2025-11-07 02:53:46,176 - INFO - Downloaded: 990e6771ca33_hitopadesha_hindi_djvu.txt (1054.8 KB)
2025-11-07 02:53:48,180 - INFO - Successfully extracted 421957 characters
2025-11-07 02:53:48,263 - INFO - Quality score: 0.46
2025-11-07 02:53:48,266 - INFO - ✓ Success: Saved to 990e6771ca33.txt
2025-11-07 02:53:48,268 - INFO - 
============================================================
2025-11-07 02:53:48,268 - INFO - [6/21] Processing: 5992fd378600_trent_0116301634410.json
2025-11-07 02:53:48,268 - INFO - Found 5 download options
2025-11-07 02:53:48,268 - INFO - Trying option 1/3: trent_0116301634410_djvu.txt (0.6 MB)
2025-11-07 02:53:48,269 - INFO - Downloading: https://archive.org/download/trent_0116301634410/trent_0116301634410_djvu.txt
2025-11-07 02:53:48,823 - ERROR - Download failed: 403 Client Error: Forbidden for url: https://ia800907.us.archive.org/0/items/trent_0116301634410/trent_0116301634410_djvu.txt
2025-11-07 02:53:48,825 - WARNING - Download failed, trying next option...
2025-11-07 02:53:50,826 - INFO - Trying option 2/3: trent_0116301634410.epub (2.9 MB)
2025-11-07 02:53:50,826 - INFO - Downloading: https://archive.org/download/trent_0116301634410/trent_0116301634410.epub
2025-11-07 02:53:51,568 - ERROR - Download failed: 403 Client Error: Forbidden for url: https://ia600907.us.archive.org/0/items/trent_0116301634410/trent_0116301634410.epub
2025-11-07 02:53:51,569 - WARNING - Download failed, trying next option...
2025-11-07 02:53:53,570 - INFO - Trying option 3/3: trent_0116301634410_encrypted.epub (1.1 MB)
2025-11-07 02:53:53,571 - INFO - Downloading: https://archive.org/download/trent_0116301634410/trent_0116301634410_encrypted.epub
2025-11-07 02:53:55,046 - INFO - Downloaded: 5992fd378600_trent_0116301634410_encrypted.epub (1085.8 KB)
2025-11-07 02:53:57,051 - ERROR - Text extraction failed for 5992fd378600_trent_0116301634410_encrypted.epub: list index out of range
2025-11-07 02:53:57,051 - WARNING - Extracted text too short or failed, trying next option...
2025-11-07 02:53:57,051 - ERROR - All download options failed for trent_0116301634410
2025-11-07 02:53:57,051 - ERROR - ✗ Failed to download: 5992fd378600
2025-11-07 02:53:57,053 - INFO - 
============================================================
2025-11-07 02:53:57,053 - INFO - [7/21] Processing: a9569ce18796_songsofkabir00kabi.json
2025-11-07 02:53:57,053 - INFO - Found 2 download options
2025-11-07 02:53:57,053 - INFO - Trying option 1/2: songsofkabir00kabi_djvu.txt (0.1 MB)
2025-11-07 02:53:57,054 - INFO - Downloading: https://archive.org/download/songsofkabir00kabi/songsofkabir00kabi_djvu.txt
2025-11-07 02:53:59,126 - INFO - Downloaded: a9569ce18796_songsofkabir00kabi_djvu.txt (122.3 KB)
2025-11-07 02:54:01,127 - INFO - Successfully extracted 125035 characters
2025-11-07 02:54:01,136 - INFO - Quality score: 1.00
2025-11-07 02:54:01,137 - INFO - ✓ Success: Saved to a9569ce18796.txt
2025-11-07 02:54:01,139 - INFO - 
============================================================
2025-11-07 02:54:01,139 - INFO - [8/21] Processing: 9ea928f1b4ec_vairagyasatakamo025367mbp.json
2025-11-07 02:54:01,139 - INFO - Found 2 download options
2025-11-07 02:54:01,139 - INFO - Trying option 1/2: vairagyasatakamo025367mbp_djvu.txt (0.1 MB)
2025-11-07 02:54:01,140 - INFO - Downloading: https://archive.org/download/vairagyasatakamo025367mbp/vairagyasatakamo025367mbp_djvu.txt
2025-11-07 02:54:01,782 - INFO - Downloaded: 9ea928f1b4ec_vairagyasatakamo025367mbp_djvu.txt (55.5 KB)
2025-11-07 02:54:03,783 - INFO - Successfully extracted 56845 characters
2025-11-07 02:54:03,787 - INFO - Quality score: 1.00
2025-11-07 02:54:03,788 - INFO - ✓ Success: Saved to 9ea928f1b4ec.txt
2025-11-07 02:54:03,790 - INFO - 
============================================================
2025-11-07 02:54:03,790 - INFO - [9/21] Processing: 4bea020582ac_gitagovinda0000jaya.json
2025-11-07 02:54:03,790 - INFO - Found 4 download options
2025-11-07 02:54:03,790 - INFO - Trying option 1/3: gitagovinda0000jaya_djvu.txt (0.1 MB)
2025-11-07 02:54:03,790 - INFO - Downloading: https://archive.org/download/gitagovinda0000jaya/gitagovinda0000jaya_djvu.txt
2025-11-07 02:54:05,493 - ERROR - Download failed: 401 Client Error: Unauthorized for url: https://dn710200.ca.archive.org/0/items/gitagovinda0000jaya/gitagovinda0000jaya_djvu.txt
2025-11-07 02:54:05,494 - WARNING - Download failed, trying next option...
2025-11-07 02:54:07,496 - INFO - Trying option 2/3: gitagovinda0000jaya.epub (4.5 MB)
2025-11-07 02:54:07,496 - INFO - Downloading: https://archive.org/download/gitagovinda0000jaya/gitagovinda0000jaya.epub
2025-11-07 02:54:08,782 - ERROR - Download failed: 401 Client Error: Unauthorized for url: https://dn710200.ca.archive.org/0/items/gitagovinda0000jaya/gitagovinda0000jaya.epub
2025-11-07 02:54:08,784 - WARNING - Download failed, trying next option...
2025-11-07 02:54:10,785 - INFO - Trying option 3/3: gitagovinda0000jaya_lcp.epub (4.6 MB)
2025-11-07 02:54:10,786 - INFO - Downloading: https://archive.org/download/gitagovinda0000jaya/gitagovinda0000jaya_lcp.epub
2025-11-07 02:54:15,122 - INFO - Downloaded: 4bea020582ac_gitagovinda0000jaya_lcp.epub (4743.4 KB)
2025-11-07 02:54:17,171 - INFO - Successfully extracted 7150 characters
2025-11-07 02:54:17,172 - INFO - Quality score: 0.32
2025-11-07 02:54:17,174 - INFO - ✓ Success: Saved to 4bea020582ac.txt
2025-11-07 02:54:17,178 - INFO - 
============================================================
2025-11-07 02:54:17,178 - INFO - [10/21] Processing: 08665ac8f169_tulsi-ramcharitmanas.json
2025-11-07 02:54:17,178 - INFO - Found 3 download options
2025-11-07 02:54:17,179 - INFO - Trying option 1/3: Tulsi-Ramcharitmanas_djvu.txt (1.7 MB)
2025-11-07 02:54:17,179 - INFO - Downloading: https://archive.org/download/tulsi-ramcharitmanas/Tulsi-Ramcharitmanas_djvu.txt
2025-11-07 02:54:22,024 - INFO - Downloaded: 08665ac8f169_Tulsi-Ramcharitmanas_djvu.txt (1745.3 KB)
2025-11-07 02:54:24,033 - INFO - Successfully extracted 725559 characters
2025-11-07 02:54:24,178 - INFO - Quality score: 0.46
2025-11-07 02:54:24,182 - INFO - ✓ Success: Saved to 08665ac8f169.txt
2025-11-07 02:54:24,184 - INFO - 
============================================================
2025-11-07 02:54:24,184 - INFO - [11/21] Processing: 04e922180123_kadambari01bana.json
2025-11-07 02:54:24,185 - INFO - Found 3 download options
2025-11-07 02:54:24,185 - INFO - Trying option 1/3: kadambari01bana_djvu.txt (1.3 MB)
2025-11-07 02:54:24,186 - INFO - Downloading: https://archive.org/download/kadambari01bana/kadambari01bana_djvu.txt
2025-11-07 02:54:26,822 - INFO - Downloaded: 04e922180123_kadambari01bana_djvu.txt (1350.4 KB)
2025-11-07 02:54:28,825 - INFO - Successfully extracted 514092 characters
2025-11-07 02:54:28,912 - INFO - Quality score: 0.46
2025-11-07 02:54:28,916 - INFO - ✓ Success: Saved to 04e922180123.txt
2025-11-07 02:54:28,918 - INFO - 
============================================================
2025-11-07 02:54:28,918 - INFO - [12/21] Processing: 2248ab1ee734_yogasutras_201908.json
2025-11-07 02:54:28,918 - INFO - Found 2 download options
2025-11-07 02:54:28,918 - INFO - Trying option 1/2: YOGA_SUTRAS_djvu.txt (0.0 MB)
2025-11-07 02:54:28,919 - INFO - Downloading: https://archive.org/download/yogasutras_201908/YOGA_SUTRAS_djvu.txt
2025-11-07 02:54:29,490 - INFO - Downloaded: 2248ab1ee734_YOGA_SUTRAS_djvu.txt (5.5 KB)
2025-11-07 02:54:31,492 - INFO - Successfully extracted 5309 characters
2025-11-07 02:54:31,493 - INFO - Quality score: 0.32
2025-11-07 02:54:31,494 - INFO - ✓ Success: Saved to 2248ab1ee734.txt
2025-11-07 02:54:31,496 - INFO - 
============================================================
2025-11-07 02:54:31,496 - INFO - [13/21] Processing: 42b10d02ec6d_THIRUKKURALEnglishTranslationAndCommentaryProjectMadurai.json
2025-11-07 02:54:31,497 - INFO - Found 2 download options
2025-11-07 02:54:31,497 - INFO - Trying option 1/2: THIRUKKURAL English Translation and Commentary - Project Madurai_djvu.txt (0.3 MB)
2025-11-07 02:54:31,497 - INFO - Downloading: https://archive.org/download/THIRUKKURALEnglishTranslationAndCommentaryProjectMadurai/THIRUKKURAL English Translation and Commentary - Project Madurai_djvu.txt
2025-11-07 02:54:33,675 - INFO - Downloaded: 42b10d02ec6d_THIRUKKURAL English Translation and Commentary - Project Madurai_djvu.txt (310.3 KB)
2025-11-07 02:54:35,676 - INFO - Successfully extracted 317707 characters
2025-11-07 02:54:35,704 - INFO - Quality score: 1.00
2025-11-07 02:54:35,706 - INFO - ✓ Success: Saved to 42b10d02ec6d.txt
2025-11-07 02:54:35,707 - INFO - 
============================================================
2025-11-07 02:54:35,707 - INFO - [14/21] Processing: 317b09258546_UttaraRamaCharita.json
2025-11-07 02:54:35,708 - INFO - Found 2 download options
2025-11-07 02:54:35,708 - INFO - Trying option 1/2: uttara_rama_charitam_djvu.txt (0.2 MB)
2025-11-07 02:54:35,708 - INFO - Downloading: https://archive.org/download/UttaraRamaCharita/uttara_rama_charitam_djvu.txt
2025-11-07 02:54:36,461 - INFO - Downloaded: 317b09258546_uttara_rama_charitam_djvu.txt (185.7 KB)
2025-11-07 02:54:38,462 - INFO - Successfully extracted 187011 characters
2025-11-07 02:54:38,487 - INFO - Quality score: 0.46
2025-11-07 02:54:38,488 - INFO - ✓ Success: Saved to 317b09258546.txt
2025-11-07 02:54:38,489 - INFO - 
============================================================
2025-11-07 02:54:38,490 - INFO - [15/21] Processing: 93255930a538_meghadutam-kalidas.json
2025-11-07 02:54:38,490 - INFO - Found 3 download options
2025-11-07 02:54:38,490 - INFO - Trying option 1/3: Meghadutam_Kalidas_djvu.txt (0.1 MB)
2025-11-07 02:54:38,490 - INFO - Downloading: https://archive.org/download/meghadutam-kalidas/Meghadutam_Kalidas_djvu.txt
2025-11-07 02:54:40,235 - INFO - Downloaded: 93255930a538_Meghadutam_Kalidas_djvu.txt (62.5 KB)
2025-11-07 02:54:42,236 - INFO - Successfully extracted 24046 characters
2025-11-07 02:54:42,239 - INFO - Quality score: 0.46
2025-11-07 02:54:42,241 - INFO - ✓ Success: Saved to 93255930a538.txt
2025-11-07 02:54:42,244 - INFO - 
============================================================
2025-11-07 02:54:42,244 - INFO - [16/21] Processing: 0ee0c2b29128_arthashastra_202405.json
2025-11-07 02:54:42,244 - INFO - Found 3 download options
2025-11-07 02:54:42,244 - INFO - Trying option 1/3: Arthashastra_djvu.txt (1.4 MB)
2025-11-07 02:54:42,245 - INFO - Downloading: https://archive.org/download/arthashastra_202405/Arthashastra_djvu.txt
2025-11-07 02:54:45,232 - INFO - Downloaded: 0ee0c2b29128_Arthashastra_djvu.txt (1430.8 KB)
2025-11-07 02:54:47,235 - INFO - Successfully extracted 1459087 characters
2025-11-07 02:54:47,370 - INFO - Quality score: 1.00
2025-11-07 02:54:47,373 - INFO - ✓ Success: Saved to 0ee0c2b29128.txt
2025-11-07 02:54:47,375 - INFO - 
============================================================
2025-11-07 02:54:47,375 - INFO - [17/21] Processing: 5b8d500f5303_in.ernet.dli.2015.382496.json
2025-11-07 02:54:47,375 - INFO - Found 1 download options
2025-11-07 02:54:47,375 - INFO - Trying option 1/1: 2015.382496.Dasakumaracharita_djvu.txt (1.0 MB)
2025-11-07 02:54:47,375 - INFO - Downloading: https://archive.org/download/in.ernet.dli.2015.382496/2015.382496.Dasakumaracharita_djvu.txt
2025-11-07 02:54:50,022 - INFO - Downloaded: 5b8d500f5303_2015.382496.Dasakumaracharita_djvu.txt (1062.6 KB)
2025-11-07 02:54:52,025 - INFO - Successfully extracted 1067466 characters
2025-11-07 02:54:52,143 - INFO - Quality score: 0.46
2025-11-07 02:54:52,146 - INFO - ✓ Success: Saved to 5b8d500f5303.txt
2025-11-07 02:54:52,148 - INFO - 
============================================================
2025-11-07 02:54:52,148 - INFO - [18/21] Processing: 2cd2c4312ebb_morejatakatales07518gut.json
2025-11-07 02:54:52,149 - INFO - Found 2 download options
2025-11-07 02:54:52,149 - INFO - Trying option 1/2: mrjtk10.txt (0.1 MB)
2025-11-07 02:54:52,149 - INFO - Downloading: https://archive.org/download/morejatakatales07518gut/mrjtk10.txt
2025-11-07 02:54:54,352 - INFO - Downloaded: 2cd2c4312ebb_mrjtk10.txt (77.3 KB)
2025-11-07 02:54:56,354 - INFO - Successfully extracted 77118 characters
2025-11-07 02:54:56,360 - INFO - Quality score: 1.00
2025-11-07 02:54:56,362 - INFO - ✓ Success: Saved to 2cd2c4312ebb.txt
2025-11-07 02:54:56,364 - INFO - 
============================================================
2025-11-07 02:54:56,364 - INFO - [19/21] Processing: 4c447b633925_shilappadikaram.json
2025-11-07 02:54:56,364 - INFO - Found 3 download options
2025-11-07 02:54:56,364 - INFO - Trying option 1/3: Shilappadikaram - Ilango Adigal_djvu.txt (0.3 MB)
2025-11-07 02:54:56,364 - INFO - Downloading: https://archive.org/download/shilappadikaram/Shilappadikaram - Ilango Adigal_djvu.txt
2025-11-07 02:54:58,760 - INFO - Downloaded: 4c447b633925_Shilappadikaram - Ilango Adigal_djvu.txt (310.2 KB)
2025-11-07 02:55:00,762 - INFO - Successfully extracted 315486 characters
2025-11-07 02:55:00,792 - INFO - Quality score: 1.00
2025-11-07 02:55:00,793 - INFO - ✓ Success: Saved to 4c447b633925.txt
2025-11-07 02:55:00,795 - INFO - 
============================================================
2025-11-07 02:55:00,795 - INFO - [20/21] Processing: b0b424ed25a2_treasury-of-truth-illustrated-dhammapada-chinese-version.json
2025-11-07 02:55:00,796 - INFO - Found 3 download options
2025-11-07 02:55:00,796 - INFO - Trying option 1/3: Treasury of Truth - Illustrated Dhammapada (Chinese Version)_djvu.txt (2.0 MB)
2025-11-07 02:55:00,796 - INFO - Downloading: https://archive.org/download/treasury-of-truth-illustrated-dhammapada-chinese-version/Treasury of Truth - Illustrated Dhammapada (Chinese Version)_djvu.txt
2025-11-07 02:55:05,018 - INFO - Downloaded: b0b424ed25a2_Treasury of Truth - Illustrated Dhammapada (Chinese Version)_djvu.txt (2034.6 KB)
2025-11-07 02:55:07,030 - INFO - Successfully extracted 1217097 characters
2025-11-07 02:55:07,279 - INFO - Quality score: 0.77
2025-11-07 02:55:07,284 - INFO - ✓ Success: Saved to b0b424ed25a2.txt
2025-11-07 02:55:07,286 - INFO - 
============================================================
2025-11-07 02:55:07,286 - INFO - [21/21] Processing: 6bd4622c9612_in.ernet.dli.2015.485280.json
2025-11-07 02:55:07,286 - INFO - Found 2 download options
2025-11-07 02:55:07,286 - INFO - Trying option 1/2: 2015.485280.MRICCHAKATIKA_djvu.txt (0.2 MB)
2025-11-07 02:55:07,287 - INFO - Downloading: https://archive.org/download/in.ernet.dli.2015.485280/2015.485280.MRICCHAKATIKA_djvu.txt
2025-11-07 02:55:07,979 - INFO - Downloaded: 6bd4622c9612_2015.485280.MRICCHAKATIKA_djvu.txt (183.7 KB)
2025-11-07 02:55:09,980 - INFO - Successfully extracted 113494 characters
2025-11-07 02:55:09,997 - INFO - Quality score: 0.46
2025-11-07 02:55:09,999 - INFO - ✓ Success: Saved to 6bd4622c9612.txt
2025-11-07 02:55:10,014 - INFO - 
================================================================================
2025-11-07 02:55:10,014 - INFO - DOWNLOAD COMPLETE
2025-11-07 02:55:10,014 - INFO - ================================================================================
2025-11-07 02:55:10,014 - INFO - Succeeded: 19
2025-11-07 02:55:10,014 - INFO - Failed: 2
2025-11-07 02:55:10,014 - INFO - Success rate: 90.5%
